<?xml version="1.0" encoding="utf-8"?>
<testsuites><testsuite name="django.contrib.contenttypes.tests.ContentTypesTests"><testcase classname="django.contrib.contenttypes.tests.ContentTypesTests" name="test_get_for_models_empty_cache" time="0.001229"></testcase><testcase classname="django.contrib.contenttypes.tests.ContentTypesTests" name="test_get_for_models_full_cache" time="0.002072"></testcase><testcase classname="django.contrib.contenttypes.tests.ContentTypesTests" name="test_get_for_models_partial_cache" time="0.001930"></testcase><testcase classname="django.contrib.contenttypes.tests.ContentTypesTests" name="test_lookup_cache" time="0.003506"></testcase><testcase classname="django.contrib.contenttypes.tests.ContentTypesTests" name="test_missing_model" time="0.000410"></testcase><testcase classname="django.contrib.contenttypes.tests.ContentTypesTests" name="test_shortcut_view" time="0.007210"></testcase><testcase classname="django.contrib.contenttypes.tests.ContentTypesTests" name="test_shortcut_view_with_broken_get_absolute_url" time="0.003681"></testcase><testcase classname="django.contrib.contenttypes.tests.ContentTypesTests" name="test_shortcut_view_without_get_absolute_url" time="0.002930"></testcase></testsuite><testsuite name="django.contrib.sessions.tests.CacheDBSessionTests"><testcase classname="django.contrib.sessions.tests.CacheDBSessionTests" name="test_clear" time="0.000304"></testcase><testcase classname="django.contrib.sessions.tests.CacheDBSessionTests" name="test_custom_expiry_datetime" time="0.000285"></testcase><testcase classname="django.contrib.sessions.tests.CacheDBSessionTests" name="test_custom_expiry_reset" time="0.000087"></testcase><testcase classname="django.contrib.sessions.tests.CacheDBSessionTests" name="test_custom_expiry_seconds" time="0.000082"></testcase><testcase classname="django.contrib.sessions.tests.CacheDBSessionTests" name="test_custom_expiry_timedelta" time="0.000082"></testcase><testcase classname="django.contrib.sessions.tests.CacheDBSessionTests" name="test_cycle" time="0.009998"></testcase><testcase classname="django.contrib.sessions.tests.CacheDBSessionTests" name="test_decode" time="0.000178"></testcase><testcase classname="django.contrib.sessions.tests.CacheDBSessionTests" name="test_default_expiry" time="0.000086"></testcase><testcase classname="django.contrib.sessions.tests.CacheDBSessionTests" name="test_delete" time="0.008125"></testcase><testcase classname="django.contrib.sessions.tests.CacheDBSessionTests" name="test_exists_searches_cache_first" time="0.006699"></testcase><testcase classname="django.contrib.sessions.tests.CacheDBSessionTests" name="test_flush" time="0.007465"></testcase><testcase classname="django.contrib.sessions.tests.CacheDBSessionTests" name="test_get_empty" time="0.000102"></testcase><testcase classname="django.contrib.sessions.tests.CacheDBSessionTests" name="test_get_expire_at_browser_close" time="0.000261"></testcase><testcase classname="django.contrib.sessions.tests.CacheDBSessionTests" name="test_has_key" time="0.000082"></testcase><testcase classname="django.contrib.sessions.tests.CacheDBSessionTests" name="test_invalid_key" time="0.007141"></testcase><testcase classname="django.contrib.sessions.tests.CacheDBSessionTests" name="test_iteritems" time="0.000108"></testcase><testcase classname="django.contrib.sessions.tests.CacheDBSessionTests" name="test_iterkeys" time="0.000093"></testcase><testcase classname="django.contrib.sessions.tests.CacheDBSessionTests" name="test_itervalues" time="0.000089"></testcase><testcase classname="django.contrib.sessions.tests.CacheDBSessionTests" name="test_load_overlong_key" time="0.004314"></testcase><testcase classname="django.contrib.sessions.tests.CacheDBSessionTests" name="test_new_session" time="0.000060"></testcase><testcase classname="django.contrib.sessions.tests.CacheDBSessionTests" name="test_pop" time="0.000076"></testcase><testcase classname="django.contrib.sessions.tests.CacheDBSessionTests" name="test_pop_default" time="0.000061"></testcase><testcase classname="django.contrib.sessions.tests.CacheDBSessionTests" name="test_save" time="0.009909"></testcase><testcase classname="django.contrib.sessions.tests.CacheDBSessionTests" name="test_session_key_is_read_only" time="0.003801"></testcase><testcase classname="django.contrib.sessions.tests.CacheDBSessionTests" name="test_setdefault" time="0.000303"></testcase><testcase classname="django.contrib.sessions.tests.CacheDBSessionTests" name="test_store" time="0.000257"></testcase><testcase classname="django.contrib.sessions.tests.CacheDBSessionTests" name="test_update" time="0.000258"></testcase><testcase classname="django.contrib.sessions.tests.CacheDBSessionTests" name="test_values" time="0.000304"></testcase><testcase classname="django.contrib.sessions.tests.CacheDBSessionTests" name="test_clear" time="0.000317"></testcase><testcase classname="django.contrib.sessions.tests.CacheDBSessionTests" name="test_custom_expiry_datetime" time="0.000373"></testcase><testcase classname="django.contrib.sessions.tests.CacheDBSessionTests" name="test_custom_expiry_reset" time="0.000325"></testcase><testcase classname="django.contrib.sessions.tests.CacheDBSessionTests" name="test_custom_expiry_seconds" time="0.000335"></testcase><testcase classname="django.contrib.sessions.tests.CacheDBSessionTests" name="test_custom_expiry_timedelta" time="0.000378"></testcase><testcase classname="django.contrib.sessions.tests.CacheDBSessionTests" name="test_cycle" time="0.015791"></testcase><testcase classname="django.contrib.sessions.tests.CacheDBSessionTests" name="test_decode" time="0.000651"></testcase><testcase classname="django.contrib.sessions.tests.CacheDBSessionTests" name="test_default_expiry" time="0.000348"></testcase><testcase classname="django.contrib.sessions.tests.CacheDBSessionTests" name="test_delete" time="0.014773"></testcase><testcase classname="django.contrib.sessions.tests.CacheDBSessionTests" name="test_exists_searches_cache_first" time="0.008323"></testcase><testcase classname="django.contrib.sessions.tests.CacheDBSessionTests" name="test_flush" time="0.007354"></testcase><testcase classname="django.contrib.sessions.tests.CacheDBSessionTests" name="test_get_empty" time="0.000089"></testcase><testcase classname="django.contrib.sessions.tests.CacheDBSessionTests" name="test_get_expire_at_browser_close" time="0.000186"></testcase><testcase classname="django.contrib.sessions.tests.CacheDBSessionTests" name="test_has_key" time="0.000064"></testcase><testcase classname="django.contrib.sessions.tests.CacheDBSessionTests" name="test_invalid_key" time="0.009135"></testcase><testcase classname="django.contrib.sessions.tests.CacheDBSessionTests" name="test_iteritems" time="0.000137"></testcase><testcase classname="django.contrib.sessions.tests.CacheDBSessionTests" name="test_iterkeys" time="0.000107"></testcase><testcase classname="django.contrib.sessions.tests.CacheDBSessionTests" name="test_itervalues" time="0.000104"></testcase><testcase classname="django.contrib.sessions.tests.CacheDBSessionTests" name="test_load_overlong_key" time="0.005958"></testcase><testcase classname="django.contrib.sessions.tests.CacheDBSessionTests" name="test_new_session" time="0.000084"></testcase><testcase classname="django.contrib.sessions.tests.CacheDBSessionTests" name="test_pop" time="0.000108"></testcase><testcase classname="django.contrib.sessions.tests.CacheDBSessionTests" name="test_pop_default" time="0.000092"></testcase><testcase classname="django.contrib.sessions.tests.CacheDBSessionTests" name="test_save" time="0.010112"></testcase><testcase classname="django.contrib.sessions.tests.CacheDBSessionTests" name="test_session_key_is_read_only" time="0.001637"></testcase><testcase classname="django.contrib.sessions.tests.CacheDBSessionTests" name="test_setdefault" time="0.000112"></testcase><testcase classname="django.contrib.sessions.tests.CacheDBSessionTests" name="test_store" time="0.000093"></testcase><testcase classname="django.contrib.sessions.tests.CacheDBSessionTests" name="test_update" time="0.000094"></testcase><testcase classname="django.contrib.sessions.tests.CacheDBSessionTests" name="test_values" time="0.000115"></testcase></testsuite><testsuite name="django.contrib.sessions.tests.CacheSessionTests"><testcase classname="django.contrib.sessions.tests.CacheSessionTests" name="test_clear" time="0.000121"></testcase><testcase classname="django.contrib.sessions.tests.CacheSessionTests" name="test_custom_expiry_datetime" time="0.000126"></testcase><testcase classname="django.contrib.sessions.tests.CacheSessionTests" name="test_custom_expiry_reset" time="0.000105"></testcase><testcase classname="django.contrib.sessions.tests.CacheSessionTests" name="test_custom_expiry_seconds" time="0.000106"></testcase><testcase classname="django.contrib.sessions.tests.CacheSessionTests" name="test_custom_expiry_timedelta" time="0.000113"></testcase><testcase classname="django.contrib.sessions.tests.CacheSessionTests" name="test_cycle" time="0.002145"></testcase><testcase classname="django.contrib.sessions.tests.CacheSessionTests" name="test_decode" time="0.000240"></testcase><testcase classname="django.contrib.sessions.tests.CacheSessionTests" name="test_default_expiry" time="0.000110"></testcase><testcase classname="django.contrib.sessions.tests.CacheSessionTests" name="test_delete" time="0.002211"></testcase><testcase classname="django.contrib.sessions.tests.CacheSessionTests" name="test_flush" time="0.001989"></testcase><testcase classname="django.contrib.sessions.tests.CacheSessionTests" name="test_get_empty" time="0.000085"></testcase><testcase classname="django.contrib.sessions.tests.CacheSessionTests" name="test_get_expire_at_browser_close" time="0.000262"></testcase><testcase classname="django.contrib.sessions.tests.CacheSessionTests" name="test_has_key" time="0.000073"></testcase><testcase classname="django.contrib.sessions.tests.CacheSessionTests" name="test_invalid_key" time="0.001548"></testcase><testcase classname="django.contrib.sessions.tests.CacheSessionTests" name="test_iteritems" time="0.000117"></testcase><testcase classname="django.contrib.sessions.tests.CacheSessionTests" name="test_iterkeys" time="0.000097"></testcase><testcase classname="django.contrib.sessions.tests.CacheSessionTests" name="test_itervalues" time="0.000092"></testcase><testcase classname="django.contrib.sessions.tests.CacheSessionTests" name="test_load_overlong_key" time="0.001883"></testcase><testcase classname="django.contrib.sessions.tests.CacheSessionTests" name="test_new_session" time="0.000071"></testcase><testcase classname="django.contrib.sessions.tests.CacheSessionTests" name="test_pop" time="0.000095"></testcase><testcase classname="django.contrib.sessions.tests.CacheSessionTests" name="test_pop_default" time="0.000078"></testcase><testcase classname="django.contrib.sessions.tests.CacheSessionTests" name="test_save" time="0.002018"></testcase><testcase classname="django.contrib.sessions.tests.CacheSessionTests" name="test_session_key_is_read_only" time="0.000570"></testcase><testcase classname="django.contrib.sessions.tests.CacheSessionTests" name="test_setdefault" time="0.000099"></testcase><testcase classname="django.contrib.sessions.tests.CacheSessionTests" name="test_store" time="0.000087"></testcase><testcase classname="django.contrib.sessions.tests.CacheSessionTests" name="test_update" time="0.000083"></testcase><testcase classname="django.contrib.sessions.tests.CacheSessionTests" name="test_values" time="0.000106"></testcase></testsuite><testsuite name="django.contrib.sessions.tests.CookieSessionTests"><testcase classname="django.contrib.sessions.tests.CookieSessionTests" name="test_clear" time="0.000116"></testcase><testcase classname="django.contrib.sessions.tests.CookieSessionTests" name="test_custom_expiry_datetime" time="0.000131"></testcase><testcase classname="django.contrib.sessions.tests.CookieSessionTests" name="test_custom_expiry_reset" time="0.000109"></testcase><testcase classname="django.contrib.sessions.tests.CookieSessionTests" name="test_custom_expiry_seconds" time="0.000113"></testcase><testcase classname="django.contrib.sessions.tests.CookieSessionTests" name="test_custom_expiry_timedelta" time="0.000118"></testcase><testcase classname="django.contrib.sessions.tests.CookieSessionTests" name="test_cycle" time="0.000059"></testcase><testcase classname="django.contrib.sessions.tests.CookieSessionTests" name="test_decode" time="0.000228"></testcase><testcase classname="django.contrib.sessions.tests.CookieSessionTests" name="test_default_expiry" time="0.000109"></testcase><testcase classname="django.contrib.sessions.tests.CookieSessionTests" name="test_delete" time="0.000889"></testcase><testcase classname="django.contrib.sessions.tests.CookieSessionTests" name="test_flush" time="0.000306"></testcase><testcase classname="django.contrib.sessions.tests.CookieSessionTests" name="test_get_empty" time="0.000082"></testcase><testcase classname="django.contrib.sessions.tests.CookieSessionTests" name="test_get_expire_at_browser_close" time="0.000269"></testcase><testcase classname="django.contrib.sessions.tests.CookieSessionTests" name="test_has_key" time="0.000083"></testcase><testcase classname="django.contrib.sessions.tests.CookieSessionTests" name="test_invalid_key" time="0.000468"></testcase><testcase classname="django.contrib.sessions.tests.CookieSessionTests" name="test_iteritems" time="0.000105"></testcase><testcase classname="django.contrib.sessions.tests.CookieSessionTests" name="test_iterkeys" time="0.000096"></testcase><testcase classname="django.contrib.sessions.tests.CookieSessionTests" name="test_itervalues" time="0.000096"></testcase><testcase classname="django.contrib.sessions.tests.CookieSessionTests" name="test_new_session" time="0.000061"></testcase><testcase classname="django.contrib.sessions.tests.CookieSessionTests" name="test_pop" time="0.000096"></testcase><testcase classname="django.contrib.sessions.tests.CookieSessionTests" name="test_pop_default" time="0.000086"></testcase><testcase classname="django.contrib.sessions.tests.CookieSessionTests" name="test_save" time="0.000062"></testcase><testcase classname="django.contrib.sessions.tests.CookieSessionTests" name="test_session_key_is_read_only" time="0.000390"></testcase><testcase classname="django.contrib.sessions.tests.CookieSessionTests" name="test_setdefault" time="0.000094"></testcase><testcase classname="django.contrib.sessions.tests.CookieSessionTests" name="test_store" time="0.000082"></testcase><testcase classname="django.contrib.sessions.tests.CookieSessionTests" name="test_update" time="0.000089"></testcase><testcase classname="django.contrib.sessions.tests.CookieSessionTests" name="test_values" time="0.000097"></testcase></testsuite><testsuite name="django.contrib.sessions.tests.DatabaseSessionTests"><testcase classname="django.contrib.sessions.tests.DatabaseSessionTests" name="test_clear" time="0.000116"></testcase><testcase classname="django.contrib.sessions.tests.DatabaseSessionTests" name="test_custom_expiry_datetime" time="0.000134"></testcase><testcase classname="django.contrib.sessions.tests.DatabaseSessionTests" name="test_custom_expiry_reset" time="0.000115"></testcase><testcase classname="django.contrib.sessions.tests.DatabaseSessionTests" name="test_custom_expiry_seconds" time="0.000118"></testcase><testcase classname="django.contrib.sessions.tests.DatabaseSessionTests" name="test_custom_expiry_timedelta" time="0.000125"></testcase><testcase classname="django.contrib.sessions.tests.DatabaseSessionTests" name="test_cycle" time="0.007565"></testcase><testcase classname="django.contrib.sessions.tests.DatabaseSessionTests" name="test_decode" time="0.000166"></testcase><testcase classname="django.contrib.sessions.tests.DatabaseSessionTests" name="test_default_expiry" time="0.000082"></testcase><testcase classname="django.contrib.sessions.tests.DatabaseSessionTests" name="test_delete" time="0.007433"></testcase><testcase classname="django.contrib.sessions.tests.DatabaseSessionTests" name="test_flush" time="0.006559"></testcase><testcase classname="django.contrib.sessions.tests.DatabaseSessionTests" name="test_get_empty" time="0.000069"></testcase><testcase classname="django.contrib.sessions.tests.DatabaseSessionTests" name="test_get_expire_at_browser_close" time="0.000179"></testcase><testcase classname="django.contrib.sessions.tests.DatabaseSessionTests" name="test_has_key" time="0.000059"></testcase><testcase classname="django.contrib.sessions.tests.DatabaseSessionTests" name="test_invalid_key" time="0.005947"></testcase><testcase classname="django.contrib.sessions.tests.DatabaseSessionTests" name="test_iteritems" time="0.000084"></testcase><testcase classname="django.contrib.sessions.tests.DatabaseSessionTests" name="test_iterkeys" time="0.000069"></testcase><testcase classname="django.contrib.sessions.tests.DatabaseSessionTests" name="test_itervalues" time="0.000067"></testcase><testcase classname="django.contrib.sessions.tests.DatabaseSessionTests" name="test_new_session" time="0.000044"></testcase><testcase classname="django.contrib.sessions.tests.DatabaseSessionTests" name="test_pop" time="0.000066"></testcase><testcase classname="django.contrib.sessions.tests.DatabaseSessionTests" name="test_pop_default" time="0.000058"></testcase><testcase classname="django.contrib.sessions.tests.DatabaseSessionTests" name="test_save" time="0.006316"></testcase><testcase classname="django.contrib.sessions.tests.DatabaseSessionTests" name="test_session_get_decoded" time="0.004263"></testcase><testcase classname="django.contrib.sessions.tests.DatabaseSessionTests" name="test_session_key_is_read_only" time="0.001035"></testcase><testcase classname="django.contrib.sessions.tests.DatabaseSessionTests" name="test_sessionmanager_save" time="0.007137"></testcase><testcase classname="django.contrib.sessions.tests.DatabaseSessionTests" name="test_setdefault" time="0.000097"></testcase><testcase classname="django.contrib.sessions.tests.DatabaseSessionTests" name="test_store" time="0.000062"></testcase><testcase classname="django.contrib.sessions.tests.DatabaseSessionTests" name="test_update" time="0.000063"></testcase><testcase classname="django.contrib.sessions.tests.DatabaseSessionTests" name="test_values" time="0.000073"></testcase><testcase classname="django.contrib.sessions.tests.DatabaseSessionTests" name="test_clear" time="0.000074"></testcase><testcase classname="django.contrib.sessions.tests.DatabaseSessionTests" name="test_custom_expiry_datetime" time="0.000090"></testcase><testcase classname="django.contrib.sessions.tests.DatabaseSessionTests" name="test_custom_expiry_reset" time="0.000079"></testcase><testcase classname="django.contrib.sessions.tests.DatabaseSessionTests" name="test_custom_expiry_seconds" time="0.000080"></testcase><testcase classname="django.contrib.sessions.tests.DatabaseSessionTests" name="test_custom_expiry_timedelta" time="0.000085"></testcase><testcase classname="django.contrib.sessions.tests.DatabaseSessionTests" name="test_cycle" time="0.005869"></testcase><testcase classname="django.contrib.sessions.tests.DatabaseSessionTests" name="test_decode" time="0.000168"></testcase><testcase classname="django.contrib.sessions.tests.DatabaseSessionTests" name="test_default_expiry" time="0.000084"></testcase><testcase classname="django.contrib.sessions.tests.DatabaseSessionTests" name="test_delete" time="0.007109"></testcase><testcase classname="django.contrib.sessions.tests.DatabaseSessionTests" name="test_flush" time="0.006504"></testcase><testcase classname="django.contrib.sessions.tests.DatabaseSessionTests" name="test_get_empty" time="0.000070"></testcase><testcase classname="django.contrib.sessions.tests.DatabaseSessionTests" name="test_get_expire_at_browser_close" time="0.000181"></testcase><testcase classname="django.contrib.sessions.tests.DatabaseSessionTests" name="test_has_key" time="0.000058"></testcase><testcase classname="django.contrib.sessions.tests.DatabaseSessionTests" name="test_invalid_key" time="0.005928"></testcase><testcase classname="django.contrib.sessions.tests.DatabaseSessionTests" name="test_iteritems" time="0.000090"></testcase><testcase classname="django.contrib.sessions.tests.DatabaseSessionTests" name="test_iterkeys" time="0.000071"></testcase><testcase classname="django.contrib.sessions.tests.DatabaseSessionTests" name="test_itervalues" time="0.000068"></testcase><testcase classname="django.contrib.sessions.tests.DatabaseSessionTests" name="test_new_session" time="0.000047"></testcase><testcase classname="django.contrib.sessions.tests.DatabaseSessionTests" name="test_pop" time="0.000069"></testcase><testcase classname="django.contrib.sessions.tests.DatabaseSessionTests" name="test_pop_default" time="0.000060"></testcase><testcase classname="django.contrib.sessions.tests.DatabaseSessionTests" name="test_save" time="0.006444"></testcase><testcase classname="django.contrib.sessions.tests.DatabaseSessionTests" name="test_session_get_decoded" time="0.004286"></testcase><testcase classname="django.contrib.sessions.tests.DatabaseSessionTests" name="test_session_key_is_read_only" time="0.001028"></testcase><testcase classname="django.contrib.sessions.tests.DatabaseSessionTests" name="test_sessionmanager_save" time="0.007081"></testcase><testcase classname="django.contrib.sessions.tests.DatabaseSessionTests" name="test_setdefault" time="0.000088"></testcase><testcase classname="django.contrib.sessions.tests.DatabaseSessionTests" name="test_store" time="0.000063"></testcase><testcase classname="django.contrib.sessions.tests.DatabaseSessionTests" name="test_update" time="0.000062"></testcase><testcase classname="django.contrib.sessions.tests.DatabaseSessionTests" name="test_values" time="0.000070"></testcase></testsuite><testsuite name="django.contrib.sessions.tests.FileSessionTests"><testcase classname="django.contrib.sessions.tests.FileSessionTests" name="test_clear" time="0.000828"></testcase><testcase classname="django.contrib.sessions.tests.FileSessionTests" name="test_configuration_check" time="0.000262"></testcase><testcase classname="django.contrib.sessions.tests.FileSessionTests" name="test_custom_expiry_datetime" time="0.000224"></testcase><testcase classname="django.contrib.sessions.tests.FileSessionTests" name="test_custom_expiry_reset" time="0.000212"></testcase><testcase classname="django.contrib.sessions.tests.FileSessionTests" name="test_custom_expiry_seconds" time="0.000204"></testcase><testcase classname="django.contrib.sessions.tests.FileSessionTests" name="test_custom_expiry_timedelta" time="0.000211"></testcase><testcase classname="django.contrib.sessions.tests.FileSessionTests" name="test_cycle" time="0.002936"></testcase><testcase classname="django.contrib.sessions.tests.FileSessionTests" name="test_decode" time="0.001023"></testcase><testcase classname="django.contrib.sessions.tests.FileSessionTests" name="test_default_expiry" time="0.000703"></testcase><testcase classname="django.contrib.sessions.tests.FileSessionTests" name="test_delete" time="0.002507"></testcase><testcase classname="django.contrib.sessions.tests.FileSessionTests" name="test_flush" time="0.004078"></testcase><testcase classname="django.contrib.sessions.tests.FileSessionTests" name="test_get_empty" time="0.000606"></testcase><testcase classname="django.contrib.sessions.tests.FileSessionTests" name="test_get_expire_at_browser_close" time="0.001148"></testcase><testcase classname="django.contrib.sessions.tests.FileSessionTests" name="test_has_key" time="0.000602"></testcase><testcase classname="django.contrib.sessions.tests.FileSessionTests" name="test_invalid_key" time="0.003178"></testcase><testcase classname="django.contrib.sessions.tests.FileSessionTests" name="test_invalid_key_backslash" time="0.000705"></testcase><testcase classname="django.contrib.sessions.tests.FileSessionTests" name="test_invalid_key_forwardslash" time="0.000642"></testcase><testcase classname="django.contrib.sessions.tests.FileSessionTests" name="test_iteritems" time="0.000660"></testcase><testcase classname="django.contrib.sessions.tests.FileSessionTests" name="test_iterkeys" time="0.000702"></testcase><testcase classname="django.contrib.sessions.tests.FileSessionTests" name="test_itervalues" time="0.000164"></testcase><testcase classname="django.contrib.sessions.tests.FileSessionTests" name="test_new_session" time="0.000138"></testcase><testcase classname="django.contrib.sessions.tests.FileSessionTests" name="test_pop" time="0.000158"></testcase><testcase classname="django.contrib.sessions.tests.FileSessionTests" name="test_pop_default" time="0.000148"></testcase><testcase classname="django.contrib.sessions.tests.FileSessionTests" name="test_save" time="0.000592"></testcase><testcase classname="django.contrib.sessions.tests.FileSessionTests" name="test_session_key_is_read_only" time="0.000518"></testcase><testcase classname="django.contrib.sessions.tests.FileSessionTests" name="test_setdefault" time="0.000175"></testcase><testcase classname="django.contrib.sessions.tests.FileSessionTests" name="test_store" time="0.000155"></testcase><testcase classname="django.contrib.sessions.tests.FileSessionTests" name="test_update" time="0.000157"></testcase><testcase classname="django.contrib.sessions.tests.FileSessionTests" name="test_values" time="0.000167"></testcase></testsuite><testsuite name="django.contrib.sessions.tests.SessionMiddlewareTests"><testcase classname="django.contrib.sessions.tests.SessionMiddlewareTests" name="test_httponly_session_cookie" time="0.003278"></testcase><testcase classname="django.contrib.sessions.tests.SessionMiddlewareTests" name="test_no_httponly_session_cookie" time="0.002353"></testcase><testcase classname="django.contrib.sessions.tests.SessionMiddlewareTests" name="test_secure_session_cookie" time="0.002321"></testcase></testsuite><testsuite name="django.contrib.sites.tests.SitesFrameworkTests"><testcase classname="django.contrib.sites.tests.SitesFrameworkTests" name="test_get_current_site" time="0.004746"></testcase><testcase classname="django.contrib.sites.tests.SitesFrameworkTests" name="test_save_another" time="0.001881"></testcase><testcase classname="django.contrib.sites.tests.SitesFrameworkTests" name="test_site_cache" time="0.005355"></testcase><testcase classname="django.contrib.sites.tests.SitesFrameworkTests" name="test_site_manager" time="0.004469"></testcase></testsuite><testsuite name="django.contrib.messages.tests.cookie.CookieTest"><testcase classname="django.contrib.messages.tests.cookie.CookieTest" name="test_add" time="0.000206"></testcase><testcase classname="django.contrib.messages.tests.cookie.CookieTest" name="test_add_lazy_translation" time="0.000671"></testcase><testcase classname="django.contrib.messages.tests.cookie.CookieTest" name="test_add_update" time="0.000438"></testcase><testcase classname="django.contrib.messages.tests.cookie.CookieTest" name="test_custom_tags" time="0.000326"></testcase><testcase classname="django.contrib.messages.tests.cookie.CookieTest" name="test_default_level" time="0.000577"></testcase><testcase classname="django.contrib.messages.tests.cookie.CookieTest" name="test_domain" time="0.000419"></testcase><testcase classname="django.contrib.messages.tests.cookie.CookieTest" name="test_existing_add" time="0.000171"></testcase><testcase classname="django.contrib.messages.tests.cookie.CookieTest" name="test_existing_add_read_update" time="0.000234"></testcase><testcase classname="django.contrib.messages.tests.cookie.CookieTest" name="test_existing_read" time="0.000168"></testcase><testcase classname="django.contrib.messages.tests.cookie.CookieTest" name="test_existing_read_add_update" time="0.000409"></testcase><testcase classname="django.contrib.messages.tests.cookie.CookieTest" name="test_full_request_response_cycle" time="0.073444"></testcase><testcase classname="django.contrib.messages.tests.cookie.CookieTest" name="test_get" time="0.000360"></testcase><testcase classname="django.contrib.messages.tests.cookie.CookieTest" name="test_get_bad_cookie" time="0.000279"></testcase><testcase classname="django.contrib.messages.tests.cookie.CookieTest" name="test_high_level" time="0.000207"></testcase><testcase classname="django.contrib.messages.tests.cookie.CookieTest" name="test_json_encoder_decoder" time="0.000328"></testcase><testcase classname="django.contrib.messages.tests.cookie.CookieTest" name="test_low_level" time="0.000213"></testcase><testcase classname="django.contrib.messages.tests.cookie.CookieTest" name="test_max_cookie_length" time="0.001454"></testcase><testcase classname="django.contrib.messages.tests.cookie.CookieTest" name="test_middleware_disabled" time="3.960544"></testcase><testcase classname="django.contrib.messages.tests.cookie.CookieTest" name="test_middleware_disabled_fail_silently" time="0.042775"></testcase><testcase classname="django.contrib.messages.tests.cookie.CookieTest" name="test_multiple_posts" time="0.041918"></testcase><testcase classname="django.contrib.messages.tests.cookie.CookieTest" name="test_no_update" time="0.000223"></testcase><testcase classname="django.contrib.messages.tests.cookie.CookieTest" name="test_settings_level" time="0.000267"></testcase><testcase classname="django.contrib.messages.tests.cookie.CookieTest" name="test_tags" time="0.000308"></testcase><testcase classname="django.contrib.messages.tests.cookie.CookieTest" name="test_with_template_response" time="0.061975"></testcase></testsuite><testsuite name="django.contrib.messages.tests.fallback.FallbackTest"><testcase classname="django.contrib.messages.tests.fallback.FallbackTest" name="test_add" time="0.000247"></testcase><testcase classname="django.contrib.messages.tests.fallback.FallbackTest" name="test_add_lazy_translation" time="0.000600"></testcase><testcase classname="django.contrib.messages.tests.fallback.FallbackTest" name="test_add_update" time="0.000574"></testcase><testcase classname="django.contrib.messages.tests.fallback.FallbackTest" name="test_custom_tags" time="0.000380"></testcase><testcase classname="django.contrib.messages.tests.fallback.FallbackTest" name="test_default_level" time="0.000288"></testcase><testcase classname="django.contrib.messages.tests.fallback.FallbackTest" name="test_existing_add" time="0.000193"></testcase><testcase classname="django.contrib.messages.tests.fallback.FallbackTest" name="test_existing_add_read_update" time="0.000248"></testcase><testcase classname="django.contrib.messages.tests.fallback.FallbackTest" name="test_existing_read" time="0.000206"></testcase><testcase classname="django.contrib.messages.tests.fallback.FallbackTest" name="test_existing_read_add_update" time="0.000534"></testcase><testcase classname="django.contrib.messages.tests.fallback.FallbackTest" name="test_flush_used_backends" time="0.000488"></testcase><testcase classname="django.contrib.messages.tests.fallback.FallbackTest" name="test_full_request_response_cycle" time="0.048184"></testcase><testcase classname="django.contrib.messages.tests.fallback.FallbackTest" name="test_get" time="0.000450"></testcase><testcase classname="django.contrib.messages.tests.fallback.FallbackTest" name="test_get_empty" time="0.000205"></testcase><testcase classname="django.contrib.messages.tests.fallback.FallbackTest" name="test_get_fallback" time="0.000557"></testcase><testcase classname="django.contrib.messages.tests.fallback.FallbackTest" name="test_get_fallback_only" time="0.000394"></testcase><testcase classname="django.contrib.messages.tests.fallback.FallbackTest" name="test_high_level" time="0.000241"></testcase><testcase classname="django.contrib.messages.tests.fallback.FallbackTest" name="test_low_level" time="0.000226"></testcase><testcase classname="django.contrib.messages.tests.fallback.FallbackTest" name="test_middleware_disabled" time="0.728212"><system-err>No handlers could be found for logger "sentry.errors"
</system-err></testcase><testcase classname="django.contrib.messages.tests.fallback.FallbackTest" name="test_middleware_disabled_fail_silently" time="0.035918"></testcase><testcase classname="django.contrib.messages.tests.fallback.FallbackTest" name="test_multiple_posts" time="0.042325"></testcase><testcase classname="django.contrib.messages.tests.fallback.FallbackTest" name="test_no_fallback" time="0.000808"></testcase><testcase classname="django.contrib.messages.tests.fallback.FallbackTest" name="test_no_update" time="0.000236"></testcase><testcase classname="django.contrib.messages.tests.fallback.FallbackTest" name="test_session_fallback" time="0.001535"></testcase><testcase classname="django.contrib.messages.tests.fallback.FallbackTest" name="test_session_fallback_only" time="0.001064"></testcase><testcase classname="django.contrib.messages.tests.fallback.FallbackTest" name="test_settings_level" time="0.000317"></testcase><testcase classname="django.contrib.messages.tests.fallback.FallbackTest" name="test_tags" time="0.000320"></testcase><testcase classname="django.contrib.messages.tests.fallback.FallbackTest" name="test_with_template_response" time="0.060901"></testcase></testsuite><testsuite name="django.contrib.messages.tests.middleware.MiddlewareTest"><testcase classname="django.contrib.messages.tests.middleware.MiddlewareTest" name="test_response_without_messages" time="0.000093"></testcase></testsuite><testsuite name="django.contrib.messages.tests.session.SessionTest"><testcase classname="django.contrib.messages.tests.session.SessionTest" name="test_add" time="0.000224"></testcase><testcase classname="django.contrib.messages.tests.session.SessionTest" name="test_add_lazy_translation" time="0.000285"></testcase><testcase classname="django.contrib.messages.tests.session.SessionTest" name="test_add_update" time="0.000248"></testcase><testcase classname="django.contrib.messages.tests.session.SessionTest" name="test_custom_tags" time="0.000342"></testcase><testcase classname="django.contrib.messages.tests.session.SessionTest" name="test_default_level" time="0.000244"></testcase><testcase classname="django.contrib.messages.tests.session.SessionTest" name="test_existing_add" time="0.000166"></testcase><testcase classname="django.contrib.messages.tests.session.SessionTest" name="test_existing_add_read_update" time="0.000214"></testcase><testcase classname="django.contrib.messages.tests.session.SessionTest" name="test_existing_read" time="0.000176"></testcase><testcase classname="django.contrib.messages.tests.session.SessionTest" name="test_existing_read_add_update" time="0.000236"></testcase><testcase classname="django.contrib.messages.tests.session.SessionTest" name="test_full_request_response_cycle" time="0.083209"></testcase><testcase classname="django.contrib.messages.tests.session.SessionTest" name="test_get" time="0.000233"></testcase><testcase classname="django.contrib.messages.tests.session.SessionTest" name="test_high_level" time="0.000216"></testcase><testcase classname="django.contrib.messages.tests.session.SessionTest" name="test_low_level" time="0.000209"></testcase><testcase classname="django.contrib.messages.tests.session.SessionTest" name="test_middleware_disabled" time="0.111936"></testcase><testcase classname="django.contrib.messages.tests.session.SessionTest" name="test_middleware_disabled_fail_silently" time="0.036439"></testcase><testcase classname="django.contrib.messages.tests.session.SessionTest" name="test_multiple_posts" time="0.055800"></testcase><testcase classname="django.contrib.messages.tests.session.SessionTest" name="test_no_update" time="0.000248"></testcase><testcase classname="django.contrib.messages.tests.session.SessionTest" name="test_settings_level" time="0.000272"></testcase><testcase classname="django.contrib.messages.tests.session.SessionTest" name="test_tags" time="0.000306"></testcase><testcase classname="django.contrib.messages.tests.session.SessionTest" name="test_with_template_response" time="0.100893"></testcase></testsuite><testsuite name="django.contrib.admindocs.tests.TestFieldType"><testcase classname="django.contrib.admindocs.tests.TestFieldType" name="test_builtin_fields" time="0.000177"></testcase><testcase classname="django.contrib.admindocs.tests.TestFieldType" name="test_custom_fields" time="0.000130"></testcase><testcase classname="django.contrib.admindocs.tests.TestFieldType" name="test_field_name" time="0.000049"></testcase></testsuite><testsuite name="util.tests.SimpleTest"><testcase classname="util.tests.SimpleTest" name="test_basic_addition" time="0.000045"></testcase></testsuite><testsuite name="django_gravatar.tests.TestGravatarHelperMethods"><testcase classname="django_gravatar.tests.TestGravatarHelperMethods" name="test_gravatar_url" time="0.000322"></testcase><testcase classname="django_gravatar.tests.TestGravatarHelperMethods" name="test_has_gravatar" time="1.458934"></testcase></testsuite><testsuite name="django_gravatar.tests.TestGravatarTemplateTags"><testcase classname="django_gravatar.tests.TestGravatarTemplateTags" name="test_gravatar_img" time="0.033205"></testcase><testcase classname="django_gravatar.tests.TestGravatarTemplateTags" name="test_gravatar_url" time="0.001240"></testcase><testcase classname="django_gravatar.tests.TestGravatarTemplateTags" name="test_gravatar_user_img" time="0.001047"></testcase><testcase classname="django_gravatar.tests.TestGravatarTemplateTags" name="test_gravatar_user_url" time="0.000318"></testcase><testcase classname="django_gravatar.tests.TestGravatarTemplateTags" name="test_invalid_input" time="0.000234"></testcase></testsuite><testsuite name="crispy_forms.tests.tests.TestBasicFunctionalityTags"><testcase classname="crispy_forms.tests.tests.TestBasicFunctionalityTags" name="test_as_crispy_errors_form_with_non_field_errors" time="0.003379"></testcase><testcase classname="crispy_forms.tests.tests.TestBasicFunctionalityTags" name="test_as_crispy_errors_form_without_non_field_errors" time="0.001790"></testcase><testcase classname="crispy_forms.tests.tests.TestBasicFunctionalityTags" name="test_classes_filter" time="0.004468"></testcase><testcase classname="crispy_forms.tests.tests.TestBasicFunctionalityTags" name="test_crispy_filter_with_form" time="0.080794"></testcase><testcase classname="crispy_forms.tests.tests.TestBasicFunctionalityTags" name="test_crispy_filter_with_formset" time="0.073600"></testcase></testsuite><testsuite name="crispy_forms.tests.tests.TestDynamicLayouts"><testcase classname="crispy_forms.tests.tests.TestDynamicLayouts" name="test_all_without_layout" time="0.000553"></testcase><testcase classname="crispy_forms.tests.tests.TestDynamicLayouts" name="test_append_layout_object" time="0.000145"></testcase><testcase classname="crispy_forms.tests.tests.TestDynamicLayouts" name="test_exclude_by_widget" time="0.000589"></testcase><testcase classname="crispy_forms.tests.tests.TestDynamicLayouts" name="test_exclude_by_widget_and_wrap" time="0.000642"></testcase><testcase classname="crispy_forms.tests.tests.TestDynamicLayouts" name="test_filter" time="0.000287"></testcase><testcase classname="crispy_forms.tests.tests.TestDynamicLayouts" name="test_filter_and_wrap" time="0.000239"></testcase><testcase classname="crispy_forms.tests.tests.TestDynamicLayouts" name="test_filter_and_wrap_side_effects" time="0.000210"></testcase><testcase classname="crispy_forms.tests.tests.TestDynamicLayouts" name="test_filter_by_widget" time="0.000577"></testcase><testcase classname="crispy_forms.tests.tests.TestDynamicLayouts" name="test_filter_by_widget_without_form" time="0.000642"></testcase><testcase classname="crispy_forms.tests.tests.TestDynamicLayouts" name="test_get_field_names" time="0.000388"></testcase><testcase classname="crispy_forms.tests.tests.TestDynamicLayouts" name="test_get_layout_objects" time="0.000420"></testcase><testcase classname="crispy_forms.tests.tests.TestDynamicLayouts" name="test_getitem_by_field_name" time="0.000548"></testcase><testcase classname="crispy_forms.tests.tests.TestDynamicLayouts" name="test_getitem_layout_object" time="0.000177"></testcase><testcase classname="crispy_forms.tests.tests.TestDynamicLayouts" name="test_layout_get_field_names" time="0.000310"></testcase><testcase classname="crispy_forms.tests.tests.TestDynamicLayouts" name="test_setitem_layout_object" time="0.000132"></testcase><testcase classname="crispy_forms.tests.tests.TestDynamicLayouts" name="test_wrap_all_fields" time="0.000198"></testcase><testcase classname="crispy_forms.tests.tests.TestDynamicLayouts" name="test_wrap_selected_fields" time="0.000186"></testcase><testcase classname="crispy_forms.tests.tests.TestDynamicLayouts" name="test_wrap_together_with_slices" time="0.000282"></testcase></testsuite><testsuite name="crispy_forms.tests.tests.TestFormHelpers"><testcase classname="crispy_forms.tests.tests.TestFormHelpers" name="test_CSRF_token_GET_form" time="0.035181"></testcase><testcase classname="crispy_forms.tests.tests.TestFormHelpers" name="test_CSRF_token_POST_form" time="0.007220"></testcase><testcase classname="crispy_forms.tests.tests.TestFormHelpers" name="test_attrs" time="0.006830"></testcase><testcase classname="crispy_forms.tests.tests.TestFormHelpers" name="test_error_and_help_inline" time="0.046390"></testcase><testcase classname="crispy_forms.tests.tests.TestFormHelpers" name="test_error_text_inline" time="0.054166"></testcase><testcase classname="crispy_forms.tests.tests.TestFormHelpers" name="test_form_show_errors" time="0.078257"></testcase><testcase classname="crispy_forms.tests.tests.TestFormHelpers" name="test_form_show_errors_non_field_errors" time="0.014923"></testcase><testcase classname="crispy_forms.tests.tests.TestFormHelpers" name="test_form_with_helper_without_layout" time="0.015814"></testcase><testcase classname="crispy_forms.tests.tests.TestFormHelpers" name="test_formset_with_helper_without_layout" time="0.049712"></testcase><testcase classname="crispy_forms.tests.tests.TestFormHelpers" name="test_html5_required" time="0.013629"></testcase><testcase classname="crispy_forms.tests.tests.TestFormHelpers" name="test_inputs" time="0.008572"></testcase><testcase classname="crispy_forms.tests.tests.TestFormHelpers" name="test_invalid_form_method" time="0.000053"></testcase><testcase classname="crispy_forms.tests.tests.TestFormHelpers" name="test_invalid_helper" time="0.000693"></testcase><testcase classname="crispy_forms.tests.tests.TestFormHelpers" name="test_multifield_errors" time="0.011783"></testcase><testcase classname="crispy_forms.tests.tests.TestFormHelpers" name="test_template_context" time="0.000324"></testcase><testcase classname="crispy_forms.tests.tests.TestFormHelpers" name="test_template_context_using_form_attrs" time="0.000326"></testcase><testcase classname="crispy_forms.tests.tests.TestFormHelpers" name="test_template_helper_access" time="0.000049"></testcase><testcase classname="crispy_forms.tests.tests.TestFormHelpers" name="test_template_pack_override" time="0.021230"></testcase><testcase classname="crispy_forms.tests.tests.TestFormHelpers" name="test_without_helper" time="0.006946"></testcase></testsuite><testsuite name="crispy_forms.tests.tests.TestFormLayout"><testcase classname="crispy_forms.tests.tests.TestFormLayout" name="test_change_layout_dynamically_delete_field" time="0.008271"></testcase><testcase classname="crispy_forms.tests.tests.TestFormLayout" name="test_context_pollution" time="0.007422"></testcase><testcase classname="crispy_forms.tests.tests.TestFormLayout" name="test_default_layout" time="0.000421"></testcase><testcase classname="crispy_forms.tests.tests.TestFormLayout" name="test_default_layout_two" time="0.000195"></testcase><testcase classname="crispy_forms.tests.tests.TestFormLayout" name="test_double_rendered_field" time="0.001671"></testcase><testcase classname="crispy_forms.tests.tests.TestFormLayout" name="test_field_with_buttons" time="0.023792"></testcase><testcase classname="crispy_forms.tests.tests.TestFormLayout" name="test_formset_layout" time="0.034403"></testcase><testcase classname="crispy_forms.tests.tests.TestFormLayout" name="test_hidden_fields" time="0.033745"></testcase><testcase classname="crispy_forms.tests.tests.TestFormLayout" name="test_i18n" time="0.004602"></testcase><testcase classname="crispy_forms.tests.tests.TestFormLayout" name="test_invalid_unicode_characters" time="0.000916"></testcase><testcase classname="crispy_forms.tests.tests.TestFormLayout" name="test_layout_fieldset_row_html_with_unicode_fieldnames" time="0.010757"></testcase><testcase classname="crispy_forms.tests.tests.TestFormLayout" name="test_layout_unresolved_field" time="0.000920"></testcase><testcase classname="crispy_forms.tests.tests.TestFormLayout" name="test_layout_within_layout" time="0.016229"></testcase><testcase classname="crispy_forms.tests.tests.TestFormLayout" name="test_meta_extra_fields_with_missing_fields" time="0.002936"></testcase><testcase classname="crispy_forms.tests.tests.TestFormLayout" name="test_modelform_layout_without_meta" time="0.001710"></testcase><testcase classname="crispy_forms.tests.tests.TestFormLayout" name="test_multiplecheckboxes" time="0.020041"></testcase><testcase classname="crispy_forms.tests.tests.TestFormLayout" name="test_multiwidget_field" time="0.023397"></testcase><testcase classname="crispy_forms.tests.tests.TestFormLayout" name="test_second_layout_multifield_column_buttonholder_submit_div" time="0.019237"></testcase></testsuite><testsuite name="crispy_forms.tests.tests.TestLayoutObjects"><testcase classname="crispy_forms.tests.tests.TestLayoutObjects" name="test_appended_prepended_text" time="0.352780"></testcase><testcase classname="crispy_forms.tests.tests.TestLayoutObjects" name="test_field_type_hidden" time="0.042268"></testcase><testcase classname="crispy_forms.tests.tests.TestLayoutObjects" name="test_html_with_carriage_returns" time="0.001150"></testcase><testcase classname="crispy_forms.tests.tests.TestLayoutObjects" name="test_inline_radios" time="0.007534"></testcase><testcase classname="crispy_forms.tests.tests.TestLayoutObjects" name="test_tab_and_tabholder" time="0.024341"></testcase></testsuite><testsuite name="friends.tests.list_tests.ListTestCase"><testcase classname="friends.tests.list_tests.ListTestCase" name="test_can_add_friend" time="0.011473"></testcase><testcase classname="friends.tests.list_tests.ListTestCase" name="test_cannot_add_non_friends" time="0.008050"></testcase><testcase classname="friends.tests.list_tests.ListTestCase" name="test_remove_from_list_when_deleting_friendship" time="0.016551"></testcase></testsuite><testsuite name="launchpad.tests.MemberTests"><testcase classname="launchpad.tests.MemberTests" name="test_bad_unsubscribe" time="0.001239"></testcase><testcase classname="launchpad.tests.MemberTests" name="test_good_unsubscribe" time="0.005389"></testcase><testcase classname="launchpad.tests.MemberTests" name="test_signing" time="0.001725"></testcase><testcase classname="launchpad.tests.MemberTests" name="test_signup" time="0.005279"></testcase></testsuite><testsuite name="djrill.tests.DjrillBackendTests"><testcase classname="djrill.tests.DjrillBackendTests" name="test_alternative_errors" time="0.004402"></testcase><testcase classname="djrill.tests.DjrillBackendTests" name="test_email_message" time="0.002162"></testcase><testcase classname="djrill.tests.DjrillBackendTests" name="test_html_message" time="0.000847"></testcase><testcase classname="djrill.tests.DjrillBackendTests" name="test_missing_api_key" time="0.000391"></testcase><testcase classname="djrill.tests.DjrillBackendTests" name="test_name_addr" time="0.001165"></testcase><testcase classname="djrill.tests.DjrillBackendTests" name="test_send_mail" time="0.000825"></testcase></testsuite><testsuite name="djrill.tests.DjrillMessageTests"><testcase classname="djrill.tests.DjrillMessageTests" name="test_djrill_message_html_success" time="0.000092"></testcase><testcase classname="djrill.tests.DjrillMessageTests" name="test_djrill_message_success" time="0.000096"></testcase><testcase classname="djrill.tests.DjrillMessageTests" name="test_djrill_message_tag_failure" time="0.000090"></testcase><testcase classname="djrill.tests.DjrillMessageTests" name="test_djrill_message_tag_skip" time="0.000072"></testcase></testsuite><testsuite name="allauth.tests.BasicTests"><testcase classname="allauth.tests.BasicTests" name="test_email_validation" time="0.000304"></testcase><testcase classname="allauth.tests.BasicTests" name="test_generate_unique_username" time="0.002944"></testcase></testsuite><testsuite name="allauth.account.tests.AccountTests"><testcase classname="allauth.account.tests.AccountTests" name="test_email_escaping" time="0.001831"><error message="'site' is an invalid keyword argument for this function">Traceback (most recent call last):
  File "/home/chris/.virtualenvs/dinnertime/local/lib/python2.7/site-packages/allauth/account/tests.py", line 40, in setUp
    site=Site.objects.get_current())
  File "/home/chris/.virtualenvs/dinnertime/local/lib/python2.7/site-packages/django/db/models/manager.py", line 137, in create
    return self.get_query_set().create(**kwargs)
  File "/home/chris/.virtualenvs/dinnertime/local/lib/python2.7/site-packages/django/db/models/query.py", line 375, in create
    obj = self.model(**kwargs)
  File "/home/chris/.virtualenvs/dinnertime/local/lib/python2.7/site-packages/django/db/models/base.py", line 367, in __init__
    raise TypeError("'%s' is an invalid keyword argument for this function" % kwargs.keys()[0])
TypeError: 'site' is an invalid keyword argument for this function
</error></testcase><testcase classname="allauth.account.tests.AccountTests" name="test_email_verification_mandatory" time="0.001123"><error message="'site' is an invalid keyword argument for this function">Traceback (most recent call last):
  File "/home/chris/.virtualenvs/dinnertime/local/lib/python2.7/site-packages/allauth/account/tests.py", line 40, in setUp
    site=Site.objects.get_current())
  File "/home/chris/.virtualenvs/dinnertime/local/lib/python2.7/site-packages/django/db/models/manager.py", line 137, in create
    return self.get_query_set().create(**kwargs)
  File "/home/chris/.virtualenvs/dinnertime/local/lib/python2.7/site-packages/django/db/models/query.py", line 375, in create
    obj = self.model(**kwargs)
  File "/home/chris/.virtualenvs/dinnertime/local/lib/python2.7/site-packages/django/db/models/base.py", line 367, in __init__
    raise TypeError("'%s' is an invalid keyword argument for this function" % kwargs.keys()[0])
TypeError: 'site' is an invalid keyword argument for this function
</error></testcase><testcase classname="allauth.account.tests.AccountTests" name="test_signup_email_verified_externally" time="0.001097"><error message="'site' is an invalid keyword argument for this function">Traceback (most recent call last):
  File "/home/chris/.virtualenvs/dinnertime/local/lib/python2.7/site-packages/allauth/account/tests.py", line 40, in setUp
    site=Site.objects.get_current())
  File "/home/chris/.virtualenvs/dinnertime/local/lib/python2.7/site-packages/django/db/models/manager.py", line 137, in create
    return self.get_query_set().create(**kwargs)
  File "/home/chris/.virtualenvs/dinnertime/local/lib/python2.7/site-packages/django/db/models/query.py", line 375, in create
    obj = self.model(**kwargs)
  File "/home/chris/.virtualenvs/dinnertime/local/lib/python2.7/site-packages/django/db/models/base.py", line 367, in __init__
    raise TypeError("'%s' is an invalid keyword argument for this function" % kwargs.keys()[0])
TypeError: 'site' is an invalid keyword argument for this function
</error></testcase></testsuite><testsuite name="allauth.socialaccount.tests.OAuth2Tests_facebook"><testcase classname="allauth.socialaccount.tests.OAuth2Tests_facebook" name="test_login" time="0.001358"><error message="'site' is an invalid keyword argument for this function">Traceback (most recent call last):
  File "/home/chris/.virtualenvs/dinnertime/local/lib/python2.7/site-packages/allauth/socialaccount/tests.py", line 34, in setUp
    secret='abc')
  File "/home/chris/.virtualenvs/dinnertime/local/lib/python2.7/site-packages/django/db/models/manager.py", line 137, in create
    return self.get_query_set().create(**kwargs)
  File "/home/chris/.virtualenvs/dinnertime/local/lib/python2.7/site-packages/django/db/models/query.py", line 375, in create
    obj = self.model(**kwargs)
  File "/home/chris/.virtualenvs/dinnertime/local/lib/python2.7/site-packages/django/db/models/base.py", line 367, in __init__
    raise TypeError("'%s' is an invalid keyword argument for this function" % kwargs.keys()[0])
TypeError: 'site' is an invalid keyword argument for this function
</error></testcase></testsuite><testsuite name="allauth.socialaccount.tests.OAuth2Tests_google"><testcase classname="allauth.socialaccount.tests.OAuth2Tests_google" name="test_login" time="0.001070"><error message="'site' is an invalid keyword argument for this function">Traceback (most recent call last):
  File "/home/chris/.virtualenvs/dinnertime/local/lib/python2.7/site-packages/allauth/socialaccount/tests.py", line 34, in setUp
    secret='abc')
  File "/home/chris/.virtualenvs/dinnertime/local/lib/python2.7/site-packages/django/db/models/manager.py", line 137, in create
    return self.get_query_set().create(**kwargs)
  File "/home/chris/.virtualenvs/dinnertime/local/lib/python2.7/site-packages/django/db/models/query.py", line 375, in create
    obj = self.model(**kwargs)
  File "/home/chris/.virtualenvs/dinnertime/local/lib/python2.7/site-packages/django/db/models/base.py", line 367, in __init__
    raise TypeError("'%s' is an invalid keyword argument for this function" % kwargs.keys()[0])
TypeError: 'site' is an invalid keyword argument for this function
</error></testcase></testsuite><testsuite name="actstream.tests.ActivityTestCase"><testcase classname="actstream.tests.ActivityTestCase" name="test_aauser1" time="0.129269"></testcase><testcase classname="actstream.tests.ActivityTestCase" name="test_action_object" time="0.119734"></testcase><testcase classname="actstream.tests.ActivityTestCase" name="test_atom" time="0.124022"></testcase><testcase classname="actstream.tests.ActivityTestCase" name="test_bad_actionable_model" time="0.116868"></testcase><testcase classname="actstream.tests.ActivityTestCase" name="test_doesnt_generate_duplicate_follow_records" time="0.131085"></testcase><testcase classname="actstream.tests.ActivityTestCase" name="test_empty_follow_stream" time="0.120892"></testcase><testcase classname="actstream.tests.ActivityTestCase" name="test_followers" time="0.117562"></testcase><testcase classname="actstream.tests.ActivityTestCase" name="test_following" time="0.120826"></testcase><testcase classname="actstream.tests.ActivityTestCase" name="test_generic_relation_accessors" time="0.120205"></testcase><testcase classname="actstream.tests.ActivityTestCase" name="test_group" time="0.121367"></testcase><testcase classname="actstream.tests.ActivityTestCase" name="test_hidden_action" time="0.121931"></testcase><testcase classname="actstream.tests.ActivityTestCase" name="test_is_following_filter" time="0.122498"></testcase><testcase classname="actstream.tests.ActivityTestCase" name="test_model_actions_with_kwargs" time="0.122826"></testcase><testcase classname="actstream.tests.ActivityTestCase" name="test_rss" time="0.122682"></testcase><testcase classname="actstream.tests.ActivityTestCase" name="test_stream" time="0.130486"></testcase><testcase classname="actstream.tests.ActivityTestCase" name="test_stream_stale_follows" time="0.238384"></testcase><testcase classname="actstream.tests.ActivityTestCase" name="test_tag_follow_url" time="0.121761"></testcase><testcase classname="actstream.tests.ActivityTestCase" name="test_user2" time="0.122025"></testcase><testcase classname="actstream.tests.ActivityTestCase" name="test_user_stream_with_kwargs" time="0.123754"></testcase><testcase classname="actstream.tests.ActivityTestCase" name="test_y_no_orphaned_follows" time="0.236115"></testcase><testcase classname="actstream.tests.ActivityTestCase" name="test_z_no_orphaned_actions" time="0.241794"></testcase></testsuite><testsuite name="actstream.tests.GFKManagerTestCase"><testcase classname="actstream.tests.GFKManagerTestCase" name="test_fetch_generic_relations" time="0.107840"></testcase></testsuite><testsuite name="actstream.tests.ZombieTest"><testcase classname="actstream.tests.ZombieTest" name="test_query_count" time="0.060317"></testcase><testcase classname="actstream.tests.ZombieTest" name="test_query_count_sliced" time="0.059829"></testcase></testsuite><testsuite name="yummly.tests.SimpleTest"><testcase classname="yummly.tests.SimpleTest" name="test_basic_addition" time="0.000065"></testcase></testsuite></testsuites>